<?xml version="1.0" encoding="UTF-8"?>
<coverage generated="1702470665351" clover="3.2.0">
  <project timestamp="1702470665352" name="All files">
    <metrics statements="59" coveredstatements="30" conditionals="18" coveredconditionals="8" methods="20" coveredmethods="3" elements="97" coveredelements="41" complexity="0" loc="59" ncloc="59" packages="1" files="4" classes="4"/>
    <file name="Step1.tsx" path="F:\Coding\LearningReact\final-leanring-app\src\components\Step1.tsx">
      <metrics statements="12" coveredstatements="8" conditionals="8" coveredconditionals="4" methods="2" coveredmethods="1"/>
      <line num="1" count="1" type="stmt"/>
      <line num="2" count="1" type="stmt"/>
      <line num="3" count="1" type="stmt"/>
      <line num="6" count="1" type="stmt"/>
      <line num="11" count="2" type="stmt"/>
      <line num="12" count="2" type="stmt"/>
      <line num="13" count="0" type="stmt"/>
      <line num="14" count="0" type="stmt"/>
      <line num="15" count="0" type="stmt"/>
      <line num="18" count="0" type="stmt"/>
      <line num="21" count="2" type="stmt"/>
      <line num="207" count="1" type="stmt"/>
    </file>
    <file name="Step2.tsx" path="F:\Coding\LearningReact\final-leanring-app\src\components\Step2.tsx">
      <metrics statements="10" coveredstatements="3" conditionals="0" coveredconditionals="0" methods="5" coveredmethods="0"/>
      <line num="1" count="1" type="stmt"/>
      <line num="3" count="1" type="stmt"/>
      <line num="4" count="0" type="stmt"/>
      <line num="5" count="0" type="stmt"/>
      <line num="6" count="0" type="stmt"/>
      <line num="23" count="0" type="stmt"/>
      <line num="59" count="0" type="stmt"/>
      <line num="101" count="0" type="stmt"/>
      <line num="123" count="0" type="stmt"/>
      <line num="150" count="1" type="stmt"/>
    </file>
    <file name="Step3.tsx" path="F:\Coding\LearningReact\final-leanring-app\src\components\Step3.tsx">
      <metrics statements="12" coveredstatements="5" conditionals="0" coveredconditionals="0" methods="5" coveredmethods="0"/>
      <line num="1" count="1" type="stmt"/>
      <line num="2" count="1" type="stmt"/>
      <line num="3" count="1" type="stmt"/>
      <line num="5" count="1" type="stmt"/>
      <line num="6" count="0" type="stmt"/>
      <line num="7" count="0" type="stmt"/>
      <line num="8" count="0" type="stmt"/>
      <line num="10" count="0" type="stmt"/>
      <line num="26" count="0" type="stmt"/>
      <line num="55" count="0" type="stmt"/>
      <line num="138" count="0" type="stmt"/>
      <line num="169" count="1" type="stmt"/>
    </file>
    <file name="StepCheckout.tsx" path="F:\Coding\LearningReact\final-leanring-app\src\components\StepCheckout.tsx">
      <metrics statements="25" coveredstatements="14" conditionals="10" coveredconditionals="4" methods="8" coveredmethods="2"/>
      <line num="1" count="1" type="stmt"/>
      <line num="2" count="1" type="stmt"/>
      <line num="3" count="1" type="stmt"/>
      <line num="4" count="1" type="stmt"/>
      <line num="6" count="1" type="stmt"/>
      <line num="7" count="2" type="stmt"/>
      <line num="8" count="2" type="stmt"/>
      <line num="9" count="0" type="stmt"/>
      <line num="11" count="0" type="stmt"/>
      <line num="13" count="2" type="stmt"/>
      <line num="14" count="0" type="stmt"/>
      <line num="16" count="2" type="stmt"/>
      <line num="17" count="1" type="cond" truecount="1" falsecount="3"/>
      <line num="19" count="1" type="stmt"/>
      <line num="20" count="1" type="stmt"/>
      <line num="22" count="0" type="stmt"/>
      <line num="23" count="0" type="stmt"/>
      <line num="25" count="0" type="stmt"/>
      <line num="26" count="0" type="stmt"/>
      <line num="29" count="0" type="stmt"/>
      <line num="30" count="0" type="stmt"/>
      <line num="34" count="2" type="stmt"/>
      <line num="45" count="0" type="stmt"/>
      <line num="58" count="0" type="stmt"/>
      <line num="76" count="1" type="stmt"/>
    </file>
  </project>
</coverage>
