{"F:\\Coding\\LearningReact\\final-leanring-app\\src\\components\\Step1.tsx": {"path":"F:\\Coding\\LearningReact\\final-leanring-app\\src\\components\\Step1.tsx","statementMap":{"0":{"start":{"line":1,"column":0},"end":{"line":1,"column":53}},"1":{"start":{"line":2,"column":0},"end":{"line":2,"column":30}},"2":{"start":{"line":3,"column":0},"end":{"line":3,"column":57}},"3":{"start":{"line":6,"column":14},"end":{"line":206,"column":1}},"4":{"start":{"line":11,"column":6},"end":{"line":11,"column":21}},"5":{"start":{"line":12,"column":43},"end":{"line":20,"column":3}},"6":{"start":{"line":13,"column":4},"end":{"line":19,"column":5}},"7":{"start":{"line":14,"column":6},"end":{"line":14,"column":24}},"8":{"start":{"line":15,"column":6},"end":{"line":15,"column":21}},"9":{"start":{"line":18,"column":6},"end":{"line":18,"column":25}},"10":{"start":{"line":21,"column":2},"end":{"line":205,"column":4}},"11":{"start":{"line":207,"column":0},"end":{"line":207,"column":21}}},"fnMap":{"0":{"name":"(anonymous_1)","decl":{"start":{"line":6,"column":14},"end":{"line":6,"column":15}},"loc":{"start":{"line":6,"column":48},"end":{"line":206,"column":1}}},"1":{"name":"(anonymous_2)","decl":{"start":{"line":12,"column":43},"end":{"line":12,"column":48}},"loc":{"start":{"line":12,"column":64},"end":{"line":20,"column":3}}}},"branchMap":{"0":{"loc":{"start":{"line":69,"column":22},"end":{"line":69,"column":79}},"type":"cond-expr","locations":[{"start":{"line":69,"column":37},"end":{"line":69,"column":62}},{"start":{"line":69,"column":65},"end":{"line":69,"column":79}}]},"1":{"loc":{"start":{"line":78,"column":19},"end":{"line":81,"column":null}},"type":"binary-expr","locations":[{"start":{"line":78,"column":19},"end":{"line":78,"column":31}},{"start":{"line":79,"column":20},"end":{"line":80,"column":null}}]},"2":{"loc":{"start":{"line":92,"column":22},"end":{"line":92,"column":79}},"type":"cond-expr","locations":[{"start":{"line":92,"column":37},"end":{"line":92,"column":62}},{"start":{"line":92,"column":65},"end":{"line":92,"column":79}}]},"3":{"loc":{"start":{"line":101,"column":19},"end":{"line":104,"column":null}},"type":"binary-expr","locations":[{"start":{"line":101,"column":19},"end":{"line":101,"column":31}},{"start":{"line":102,"column":20},"end":{"line":103,"column":null}}]}},"s":{"0":1,"1":1,"2":1,"3":1,"4":2,"5":2,"6":0,"7":0,"8":0,"9":0,"10":2,"11":1},"f":{"0":2,"1":0},"b":{"0":[0,2],"1":[2,0],"2":[0,2],"3":[2,0]}}
,"F:\\Coding\\LearningReact\\final-leanring-app\\src\\components\\Step2.tsx": {"path":"F:\\Coding\\LearningReact\\final-leanring-app\\src\\components\\Step2.tsx","statementMap":{"0":{"start":{"line":1,"column":0},"end":{"line":1,"column":33}},"1":{"start":{"line":3,"column":14},"end":{"line":149,"column":1}},"2":{"start":{"line":4,"column":42},"end":{"line":4,"column":53}},"3":{"start":{"line":5,"column":46},"end":{"line":5,"column":57}},"4":{"start":{"line":6,"column":2},"end":{"line":148,"column":4}},"5":{"start":{"line":23,"column":31},"end":{"line":23,"column":49}},"6":{"start":{"line":59,"column":31},"end":{"line":59,"column":49}},"7":{"start":{"line":101,"column":31},"end":{"line":101,"column":51}},"8":{"start":{"line":123,"column":31},"end":{"line":123,"column":51}},"9":{"start":{"line":150,"column":0},"end":{"line":150,"column":21}}},"fnMap":{"0":{"name":"(anonymous_0)","decl":{"start":{"line":3,"column":14},"end":{"line":3,"column":17}},"loc":{"start":{"line":3,"column":19},"end":{"line":149,"column":1}}},"1":{"name":"(anonymous_1)","decl":{"start":{"line":23,"column":25},"end":{"line":23,"column":28}},"loc":{"start":{"line":23,"column":31},"end":{"line":23,"column":49}}},"2":{"name":"(anonymous_2)","decl":{"start":{"line":59,"column":25},"end":{"line":59,"column":28}},"loc":{"start":{"line":59,"column":31},"end":{"line":59,"column":49}}},"3":{"name":"(anonymous_3)","decl":{"start":{"line":101,"column":25},"end":{"line":101,"column":28}},"loc":{"start":{"line":101,"column":31},"end":{"line":101,"column":51}}},"4":{"name":"(anonymous_4)","decl":{"start":{"line":123,"column":25},"end":{"line":123,"column":28}},"loc":{"start":{"line":123,"column":31},"end":{"line":123,"column":51}}}},"branchMap":{},"s":{"0":1,"1":1,"2":0,"3":0,"4":0,"5":0,"6":0,"7":0,"8":0,"9":1},"f":{"0":0,"1":0,"2":0,"3":0,"4":0},"b":{}}
,"F:\\Coding\\LearningReact\\final-leanring-app\\src\\components\\Step3.tsx": {"path":"F:\\Coding\\LearningReact\\final-leanring-app\\src\\components\\Step3.tsx","statementMap":{"0":{"start":{"line":1,"column":0},"end":{"line":1,"column":62}},"1":{"start":{"line":2,"column":0},"end":{"line":2,"column":30}},"2":{"start":{"line":3,"column":0},"end":{"line":3,"column":33}},"3":{"start":{"line":5,"column":14},"end":{"line":168,"column":1}},"4":{"start":{"line":6,"column":44},"end":{"line":6,"column":55}},"5":{"start":{"line":7,"column":24},"end":{"line":9,"column":3}},"6":{"start":{"line":8,"column":4},"end":{"line":8,"column":28}},"7":{"start":{"line":10,"column":2},"end":{"line":167,"column":4}},"8":{"start":{"line":26,"column":27},"end":{"line":26,"column":43}},"9":{"start":{"line":55,"column":27},"end":{"line":55,"column":43}},"10":{"start":{"line":138,"column":27},"end":{"line":138,"column":43}},"11":{"start":{"line":169,"column":0},"end":{"line":169,"column":21}}},"fnMap":{"0":{"name":"(anonymous_1)","decl":{"start":{"line":5,"column":14},"end":{"line":5,"column":17}},"loc":{"start":{"line":5,"column":19},"end":{"line":168,"column":1}}},"1":{"name":"(anonymous_2)","decl":{"start":{"line":7,"column":24},"end":{"line":7,"column":25}},"loc":{"start":{"line":7,"column":42},"end":{"line":9,"column":3}}},"2":{"name":"(anonymous_3)","decl":{"start":{"line":26,"column":21},"end":{"line":26,"column":24}},"loc":{"start":{"line":26,"column":27},"end":{"line":26,"column":43}}},"3":{"name":"(anonymous_4)","decl":{"start":{"line":55,"column":21},"end":{"line":55,"column":24}},"loc":{"start":{"line":55,"column":27},"end":{"line":55,"column":43}}},"4":{"name":"(anonymous_5)","decl":{"start":{"line":138,"column":21},"end":{"line":138,"column":24}},"loc":{"start":{"line":138,"column":27},"end":{"line":138,"column":43}}}},"branchMap":{},"s":{"0":1,"1":1,"2":1,"3":1,"4":0,"5":0,"6":0,"7":0,"8":0,"9":0,"10":0,"11":1},"f":{"0":0,"1":0,"2":0,"3":0,"4":0},"b":{}}
,"F:\\Coding\\LearningReact\\final-leanring-app\\src\\components\\StepCheckout.tsx": {"path":"F:\\Coding\\LearningReact\\final-leanring-app\\src\\components\\StepCheckout.tsx","statementMap":{"0":{"start":{"line":1,"column":0},"end":{"line":1,"column":44}},"1":{"start":{"line":2,"column":0},"end":{"line":2,"column":28}},"2":{"start":{"line":3,"column":0},"end":{"line":3,"column":28}},"3":{"start":{"line":4,"column":0},"end":{"line":4,"column":28}},"4":{"start":{"line":6,"column":21},"end":{"line":75,"column":1}},"5":{"start":{"line":7,"column":26},"end":{"line":7,"column":37}},"6":{"start":{"line":8,"column":21},"end":{"line":12,"column":3}},"7":{"start":{"line":9,"column":4},"end":{"line":9,"column":22}},"8":{"start":{"line":11,"column":4},"end":{"line":11,"column":18}},"9":{"start":{"line":13,"column":34},"end":{"line":14,"column":null}},"10":{"start":{"line":14,"column":25},"end":{"line":14,"column":38}},"11":{"start":{"line":16,"column":2},"end":{"line":32,"column":13}},"12":{"start":{"line":17,"column":4},"end":{"line":31,"column":5}},"13":{"start":{"line":19,"column":8},"end":{"line":19,"column":66}},"14":{"start":{"line":19,"column":41},"end":{"line":19,"column":54}},"15":{"start":{"line":20,"column":8},"end":{"line":20,"column":14}},"16":{"start":{"line":22,"column":8},"end":{"line":22,"column":37}},"17":{"start":{"line":23,"column":8},"end":{"line":23,"column":14}},"18":{"start":{"line":25,"column":8},"end":{"line":25,"column":37}},"19":{"start":{"line":26,"column":8},"end":{"line":26,"column":14}},"20":{"start":{"line":29,"column":8},"end":{"line":29,"column":66}},"21":{"start":{"line":29,"column":41},"end":{"line":29,"column":54}},"22":{"start":{"line":30,"column":8},"end":{"line":30,"column":14}},"23":{"start":{"line":34,"column":2},"end":{"line":74,"column":4}},"24":{"start":{"line":45,"column":47},"end":{"line":45,"column":67}},"25":{"start":{"line":58,"column":31},"end":{"line":58,"column":51}},"26":{"start":{"line":76,"column":0},"end":{"line":76,"column":28}}},"fnMap":{"0":{"name":"(anonymous_1)","decl":{"start":{"line":6,"column":21},"end":{"line":6,"column":24}},"loc":{"start":{"line":6,"column":26},"end":{"line":75,"column":1}}},"1":{"name":"(anonymous_2)","decl":{"start":{"line":8,"column":21},"end":{"line":8,"column":22}},"loc":{"start":{"line":8,"column":38},"end":{"line":12,"column":3}}},"2":{"name":"(anonymous_3)","decl":{"start":{"line":14,"column":19},"end":{"line":14,"column":22}},"loc":{"start":{"line":14,"column":25},"end":{"line":14,"column":38}}},"3":{"name":"(anonymous_4)","decl":{"start":{"line":16,"column":12},"end":{"line":16,"column":15}},"loc":{"start":{"line":16,"column":17},"end":{"line":32,"column":3}}},"4":{"name":"(anonymous_5)","decl":{"start":{"line":19,"column":35},"end":{"line":19,"column":38}},"loc":{"start":{"line":19,"column":41},"end":{"line":19,"column":54}}},"5":{"name":"(anonymous_6)","decl":{"start":{"line":29,"column":35},"end":{"line":29,"column":38}},"loc":{"start":{"line":29,"column":41},"end":{"line":29,"column":54}}},"6":{"name":"(anonymous_7)","decl":{"start":{"line":45,"column":41},"end":{"line":45,"column":44}},"loc":{"start":{"line":45,"column":47},"end":{"line":45,"column":67}}},"7":{"name":"(anonymous_8)","decl":{"start":{"line":58,"column":25},"end":{"line":58,"column":28}},"loc":{"start":{"line":58,"column":31},"end":{"line":58,"column":51}}}},"branchMap":{"0":{"loc":{"start":{"line":17,"column":4},"end":{"line":31,"column":5}},"type":"switch","locations":[{"start":{"line":18,"column":6},"end":{"line":20,"column":14}},{"start":{"line":21,"column":6},"end":{"line":23,"column":14}},{"start":{"line":24,"column":6},"end":{"line":26,"column":14}},{"start":{"line":28,"column":6},"end":{"line":30,"column":14}}]},"1":{"loc":{"start":{"line":43,"column":30},"end":{"line":43,"column":54}},"type":"cond-expr","locations":[{"start":{"line":43,"column":43},"end":{"line":43,"column":49}},{"start":{"line":43,"column":52},"end":{"line":43,"column":54}}]},"2":{"loc":{"start":{"line":57,"column":34},"end":{"line":57,"column":58}},"type":"cond-expr","locations":[{"start":{"line":57,"column":47},"end":{"line":57,"column":53}},{"start":{"line":57,"column":56},"end":{"line":57,"column":58}}]},"3":{"loc":{"start":{"line":65,"column":34},"end":{"line":65,"column":58}},"type":"cond-expr","locations":[{"start":{"line":65,"column":47},"end":{"line":65,"column":53}},{"start":{"line":65,"column":56},"end":{"line":65,"column":58}}]}},"s":{"0":1,"1":1,"2":1,"3":1,"4":1,"5":2,"6":2,"7":0,"8":0,"9":2,"10":0,"11":2,"12":1,"13":1,"14":0,"15":1,"16":0,"17":0,"18":0,"19":0,"20":0,"21":0,"22":0,"23":2,"24":0,"25":0,"26":1},"f":{"0":2,"1":0,"2":0,"3":1,"4":0,"5":0,"6":0,"7":0},"b":{"0":[1,0,0,0],"1":[2,0],"2":[2,0],"3":[2,0]}}
}
