TN:
SF:src\components\Step1.tsx
FN:6,(anonymous_1)
FN:12,(anonymous_2)
FNF:2
FNH:1
FNDA:2,(anonymous_1)
FNDA:0,(anonymous_2)
DA:1,1
DA:2,1
DA:3,1
DA:6,1
DA:11,2
DA:12,2
DA:13,0
DA:14,0
DA:15,0
DA:18,0
DA:21,2
DA:207,1
LF:12
LH:8
BRDA:69,0,0,0
BRDA:69,0,1,2
BRDA:78,1,0,2
BRDA:78,1,1,0
BRDA:92,2,0,0
BRDA:92,2,1,2
BRDA:101,3,0,2
BRDA:101,3,1,0
BRF:8
BRH:4
end_of_record
TN:
SF:src\components\Step2.tsx
FN:3,(anonymous_0)
FN:23,(anonymous_1)
FN:59,(anonymous_2)
FN:101,(anonymous_3)
FN:123,(anonymous_4)
FNF:5
FNH:0
FNDA:0,(anonymous_0)
FNDA:0,(anonymous_1)
FNDA:0,(anonymous_2)
FNDA:0,(anonymous_3)
FNDA:0,(anonymous_4)
DA:1,1
DA:3,1
DA:4,0
DA:5,0
DA:6,0
DA:23,0
DA:59,0
DA:101,0
DA:123,0
DA:150,1
LF:10
LH:3
BRF:0
BRH:0
end_of_record
TN:
SF:src\components\Step3.tsx
FN:5,(anonymous_1)
FN:7,(anonymous_2)
FN:26,(anonymous_3)
FN:55,(anonymous_4)
FN:138,(anonymous_5)
FNF:5
FNH:0
FNDA:0,(anonymous_1)
FNDA:0,(anonymous_2)
FNDA:0,(anonymous_3)
FNDA:0,(anonymous_4)
FNDA:0,(anonymous_5)
DA:1,1
DA:2,1
DA:3,1
DA:5,1
DA:6,0
DA:7,0
DA:8,0
DA:10,0
DA:26,0
DA:55,0
DA:138,0
DA:169,1
LF:12
LH:5
BRF:0
BRH:0
end_of_record
TN:
SF:src\components\StepCheckout.tsx
FN:6,(anonymous_1)
FN:8,(anonymous_2)
FN:14,(anonymous_3)
FN:16,(anonymous_4)
FN:19,(anonymous_5)
FN:29,(anonymous_6)
FN:45,(anonymous_7)
FN:58,(anonymous_8)
FNF:8
FNH:2
FNDA:2,(anonymous_1)
FNDA:0,(anonymous_2)
FNDA:0,(anonymous_3)
FNDA:1,(anonymous_4)
FNDA:0,(anonymous_5)
FNDA:0,(anonymous_6)
FNDA:0,(anonymous_7)
FNDA:0,(anonymous_8)
DA:1,1
DA:2,1
DA:3,1
DA:4,1
DA:6,1
DA:7,2
DA:8,2
DA:9,0
DA:11,0
DA:13,2
DA:14,0
DA:16,2
DA:17,1
DA:19,1
DA:20,1
DA:22,0
DA:23,0
DA:25,0
DA:26,0
DA:29,0
DA:30,0
DA:34,2
DA:45,0
DA:58,0
DA:76,1
LF:25
LH:14
BRDA:17,0,0,1
BRDA:17,0,1,0
BRDA:17,0,2,0
BRDA:17,0,3,0
BRDA:43,1,0,2
BRDA:43,1,1,0
BRDA:57,2,0,2
BRDA:57,2,1,0
BRDA:65,3,0,2
BRDA:65,3,1,0
BRF:10
BRH:4
end_of_record
